TN:
SF:/var/www/javascript/vuejs/vuejs-todo/todo-list/src/components/InputTask.vue
FN:11,data
FN:16,addTask
FNF:2
FNH:1
FNDA:1,data
FNDA:0,addTask
DA:0,1
DA:10,1
DA:15,1
DA:20,0
DA:21,0
DA:22,0
DA:23,0
DA:24,0
DA:25,0
LF:9
LH:3
BRF:0
BRH:0
end_of_record
TN:
SF:/var/www/javascript/vuejs/vuejs-todo/todo-list/src/models/Task.js
FN:12,_interopRequireDefault
FN:14,Task
FNF:2
FNH:1
FNDA:1,_interopRequireDefault
FNDA:0,Task
DA:0,1
DA:2,0
DA:3,0
DA:4,0
DA:5,0
LF:5
LH:1
BRDA:12,1,0,1
BRDA:12,1,1,0
BRDA:12,2,0,1
BRDA:12,2,1,1
BRF:4
BRH:4
end_of_record
TN:
SF:/var/www/javascript/vuejs/vuejs-todo/todo-list/src/App.vue
FN:15,_interopRequireDefault
FN:23,data
FN:30,addTask
FNF:3
FNH:1
FNDA:2,_interopRequireDefault
FNDA:0,data
FNDA:0,addTask
DA:0,2
DA:12,1
DA:13,1
DA:22,0
DA:28,0
LF:5
LH:3
BRDA:15,1,0,0
BRDA:15,1,1,2
BRDA:15,2,0,2
BRDA:15,2,1,2
BRF:4
BRH:4
end_of_record
TN:
SF:/var/www/javascript/vuejs/vuejs-todo/todo-list/src/components/TaskList.vue
FN:11,get
FN:13,(anonymous_2)
FN:19,set
FN:25,completeTask
FNF:4
FNH:0
FNDA:0,get
FNDA:0,(anonymous_2)
FNDA:0,set
FNDA:0,completeTask
DA:0,1
DA:19,0
DA:20,0
DA:21,0
DA:22,0
DA:23,0
DA:27,0
DA:33,0
LF:8
LH:1
BRDA:14,1,0,0
BRDA:14,1,1,0
BRDA:15,2,0,0
BRDA:15,2,1,0
BRF:4
BRH:0
end_of_record
TN:
SF:/var/www/javascript/vuejs/vuejs-todo/todo-list/src/components/HelloWorld.vue
FN:8,data
FNF:1
FNH:0
FNDA:0,data
DA:0,1
DA:90,0
LF:2
LH:1
BRF:0
BRH:0
end_of_record
