TN:
SF:/var/www/javascript/vuejs/vuejs-todo/todo-list/src/components/InputTask.vue
FN:11,data
FN:16,addTask
FN:22,createTask
FN:28,clearField
FN:31,broadcast
FNF:5
FNH:4
FNDA:5,data
FNDA:0,addTask
FNDA:2,createTask
FNDA:1,clearField
FNDA:1,broadcast
DA:0,1
DA:2,1
DA:7,5
DA:12,0
DA:13,0
DA:14,0
DA:15,0
DA:18,2
DA:19,2
DA:20,2
DA:21,2
DA:24,1
DA:27,1
LF:13
LH:9
BRF:0
BRH:0
end_of_record
TN:
SF:/var/www/javascript/vuejs/vuejs-todo/todo-list/src/models/Task.js
FN:12,_interopRequireDefault
FN:14,Task
FNF:2
FNH:2
FNDA:1,_interopRequireDefault
FNDA:5,Task
DA:0,1
DA:2,5
DA:3,5
DA:4,5
DA:5,5
LF:5
LH:5
BRDA:12,1,0,1
BRDA:12,1,1,0
BRDA:12,2,0,1
BRDA:12,2,1,1
BRF:4
BRH:4
end_of_record
TN:
SF:/var/www/javascript/vuejs/vuejs-todo/todo-list/src/components/TaskList.vue
FN:11,get
FN:13,(anonymous_2)
FN:19,set
FN:25,completeTask
FNF:4
FNH:2
FNDA:1,get
FNDA:2,(anonymous_2)
FNDA:0,set
FNDA:0,completeTask
DA:0,1
DA:19,1
DA:20,1
DA:21,2
DA:22,1
DA:23,0
DA:27,0
DA:33,0
LF:8
LH:5
BRDA:14,1,0,1
BRDA:14,1,1,1
BRDA:15,2,0,1
BRDA:15,2,1,0
BRF:4
BRH:3
end_of_record
TN:
SF:/var/www/javascript/vuejs/vuejs-todo/todo-list/src/App.vue
FN:15,_interopRequireDefault
FN:23,data
FN:30,addTask
FNF:3
FNH:1
FNDA:2,_interopRequireDefault
FNDA:0,data
FNDA:0,addTask
DA:0,2
DA:12,1
DA:13,1
DA:22,0
DA:28,0
LF:5
LH:3
BRDA:15,1,0,0
BRDA:15,1,1,2
BRDA:15,2,0,2
BRDA:15,2,1,2
BRF:4
BRH:4
end_of_record
TN:
SF:/var/www/javascript/vuejs/vuejs-todo/todo-list/src/components/HelloWorld.vue
FN:8,data
FNF:1
FNH:0
FNDA:0,data
DA:0,1
DA:90,0
LF:2
LH:1
BRF:0
BRH:0
end_of_record
